<?xml version="1.0" encoding="utf-8"?><testsuites name="pytest tests"><testsuite name="pytest" errors="0" failures="0" skipped="0" tests="22" time="3.629" timestamp="2026-04-28T17:48:59.615643+00:00" hostname="agent-env-05939dbf-f9df-4a25-9d5b-b93e940b6278"><testcase classname="backend.tests.test_cresara_api.TestHealth" name="test_health_ok" time="0.183" /><testcase classname="backend.tests.test_cresara_api.TestAuth" name="test_login_success_sets_cookie" time="0.332" /><testcase classname="backend.tests.test_cresara_api.TestAuth" name="test_login_wrong_password" time="0.273" /><testcase classname="backend.tests.test_cresara_api.TestAuth" name="test_login_unknown_user" time="0.047" /><testcase classname="backend.tests.test_cresara_api.TestAuth" name="test_me_without_cookie_401" time="0.115" /><testcase classname="backend.tests.test_cresara_api.TestAuth" name="test_me_with_cookie_returns_admin" time="0.405" /><testcase classname="backend.tests.test_cresara_api.TestCoursesPublic" name="test_list_courses_seeded" time="0.048" /><testcase classname="backend.tests.test_cresara_api.TestCoursesPublic" name="test_filter_by_category[mujeres]" time="0.065" /><testcase classname="backend.tests.test_cresara_api.TestCoursesPublic" name="test_filter_by_category[hombres]" time="0.048" /><testcase classname="backend.tests.test_cresara_api.TestCoursesPublic" name="test_filter_by_category[relaciones]" time="0.050" /><testcase classname="backend.tests.test_cresara_api.TestCoursesPublic" name="test_filter_featured_true" time="0.047" /><testcase classname="backend.tests.test_cresara_api.TestCoursesPublic" name="test_get_course_by_id" time="0.098" /><testcase classname="backend.tests.test_cresara_api.TestCoursesPublic" name="test_get_course_404" time="0.048" /><testcase classname="backend.tests.test_cresara_api.TestCoursesCRUD" name="test_create_unauthenticated_401" time="0.119" /><testcase classname="backend.tests.test_cresara_api.TestCoursesCRUD" name="test_update_unauthenticated_401" time="0.171" /><testcase classname="backend.tests.test_cresara_api.TestCoursesCRUD" name="test_delete_unauthenticated_401" time="0.158" /><testcase classname="backend.tests.test_cresara_api.TestCoursesCRUD" name="test_create_course" time="0.237" /><testcase classname="backend.tests.test_cresara_api.TestCoursesCRUD" name="test_update_course" time="0.174" /><testcase classname="backend.tests.test_cresara_api.TestCoursesCRUD" name="test_invalid_category_rejected" time="0.047" /><testcase classname="backend.tests.test_cresara_api.TestCoursesCRUD" name="test_delete_course" time="0.187" /><testcase classname="backend.tests.test_cresara_api.TestCoursesCRUD" name="test_delete_nonexistent_404" time="0.050" /><testcase classname="backend.tests.test_cresara_api.TestLogout" name="test_logout_clears_cookie" time="0.567" /></testsuite></testsuites>